<?xml version="1.0" encoding="UTF-8"?>
<!-- Generated by org.testng.reporters.JUnitReportReporter -->
<testsuite hostname="Admin-PC" name="Tests.TestClass" tests="2" failures="0" timestamp="3 Dec 2016 21:34:05 GMT" time="0.019" errors="0">
  <testcase name="test2" time="0.001" classname="Tests.TestClass"/>
  <testcase name="test1" time="0.018" classname="Tests.TestClass"/>
</testsuite> <!-- Tests.TestClass -->
