<?xml version="1.0" encoding="UTF-8"?>
<!-- Generated by org.testng.reporters.JUnitReportReporter -->
<testsuite hostname="Admin-PC" name="MathTests.AdditionTests" tests="1" failures="0" timestamp="3 Dec 2016 21:34:05 GMT" time="0.001" errors="0">
  <testcase name="addTwonumber" time="0.001" classname="MathTests.AdditionTests"/>
</testsuite> <!-- MathTests.AdditionTests -->
